2024-06-21 08:44:57,720 - main.py[line:21]-<module>- INFO: start ...
2024-06-21 08:44:58,359 - main.py[line:26]-ping- INFO: 
2024-06-21 08:45:02,958 - manager.py[line:68]-get_db- INFO: ******* db connection open ....
2024-06-21 08:45:02,958 - main.py[line:65]-login_for_access_token- INFO: {'username': 'boss', 'password': '123456'}
2024-06-21 08:45:02,961 - manager.py[line:56]-get_user_by_name- INFO: get_user
2024-06-21 08:45:03,226 - main.py[line:74]-login_for_access_token- INFO: user is : boss
2024-06-21 08:45:03,228 - manager.py[line:78]-get_db- INFO: ******* db connection will close....
2024-06-21 08:45:23,672 - manager.py[line:68]-get_db- INFO: ******* db connection open ....
2024-06-21 08:45:23,672 - manager.py[line:56]-get_user_by_name- INFO: get_user
2024-06-21 08:45:23,674 - main.py[line:34]-add_score_endpoint- INFO: update user score.
2024-06-21 08:45:23,674 - main.py[line:36]-add_score_endpoint- INFO: data get {'user_id': '1', 'score_modifier': 2.0, 'score': 1.0}
2024-06-21 08:45:23,674 - manager.py[line:34]-get_user- INFO: get_user
2024-06-21 08:45:23,676 - main.py[line:43]-add_score_endpoint- INFO: Get user <database.tables.TUser object at 0x10befbbf0>
2024-06-21 08:45:23,676 - manager.py[line:46]-update_user- INFO: update_user
2024-06-21 08:45:23,680 - manager.py[line:78]-get_db- INFO: ******* db connection will close....
2024-06-21 08:46:04,867 - main.py[line:21]-<module>- INFO: start ...
2024-06-21 08:46:08,912 - main.py[line:21]-<module>- INFO: start ...
2024-06-21 08:46:13,371 - main.py[line:21]-<module>- INFO: start ...
2024-06-21 08:46:14,447 - main.py[line:21]-<module>- INFO: start ...
2024-06-21 08:48:37,989 - main.py[line:21]-<module>- INFO: start ...
2024-06-21 08:48:38,054 - main.py[line:26]-ping- INFO: 
2024-06-21 08:48:38,055 - _client.py[line:1026]-_send_single_request- INFO: HTTP Request: GET http://testserver/ping "HTTP/1.1 200 OK"
2024-06-21 08:48:38,060 - manager.py[line:66]-get_db- INFO: ******* db connection open ....
2024-06-21 08:48:38,062 - manager.py[line:76]-get_db- INFO: ******* db connection will close....
2024-06-21 08:48:38,062 - _client.py[line:1026]-_send_single_request- INFO: HTTP Request: POST http://testserver/user/score "HTTP/1.1 401 Unauthorized"
2024-06-21 08:48:38,144 - manager.py[line:66]-get_db- INFO: ******* db connection open ....
2024-06-21 08:48:38,144 - manager.py[line:76]-get_db- INFO: ******* db connection will close....
2024-06-21 08:48:38,145 - _client.py[line:1026]-_send_single_request- INFO: HTTP Request: POST http://testserver/user/score "HTTP/1.1 401 Unauthorized"
2024-06-21 08:49:56,499 - main.py[line:21]-<module>- INFO: start ...
2024-06-21 08:49:56,516 - main.py[line:26]-ping- INFO: 
2024-06-21 08:49:56,517 - _client.py[line:1026]-_send_single_request- INFO: HTTP Request: GET http://testserver/ping "HTTP/1.1 200 OK"
2024-06-21 08:49:56,522 - manager.py[line:66]-get_db- INFO: ******* db connection open ....
2024-06-21 08:49:56,524 - manager.py[line:55]-get_user_by_name- INFO: get_user
2024-06-21 08:49:56,532 - main.py[line:34]-add_score_endpoint- INFO: update user score.
2024-06-21 08:49:56,532 - main.py[line:36]-add_score_endpoint- INFO: data get {'user_id': '1', 'score_modifier': 2.0, 'score': 123.0}
2024-06-21 08:49:56,532 - manager.py[line:34]-get_user- INFO: get_user
2024-06-21 08:49:56,534 - main.py[line:43]-add_score_endpoint- INFO: Get user <database.tables.TUser object at 0x1101876e0>
2024-06-21 08:49:56,534 - manager.py[line:45]-update_user- INFO: update_user
2024-06-21 08:49:56,539 - manager.py[line:76]-get_db- INFO: ******* db connection will close....
2024-06-21 08:49:56,540 - _client.py[line:1026]-_send_single_request- INFO: HTTP Request: POST http://testserver/user/score "HTTP/1.1 200 OK"
2024-06-21 08:49:56,541 - manager.py[line:66]-get_db- INFO: ******* db connection open ....
2024-06-21 08:49:56,541 - manager.py[line:55]-get_user_by_name- INFO: get_user
2024-06-21 08:49:56,543 - main.py[line:34]-add_score_endpoint- INFO: update user score.
2024-06-21 08:49:56,543 - main.py[line:36]-add_score_endpoint- INFO: data get {'user_id': '0', 'score_modifier': 2.0, 'score': 123.0}
2024-06-21 08:49:56,543 - manager.py[line:34]-get_user- INFO: get_user
2024-06-21 08:49:56,544 - main.py[line:43]-add_score_endpoint- INFO: Get user <database.tables.TUser object at 0x1101d0c50>
2024-06-21 08:49:56,545 - manager.py[line:45]-update_user- INFO: update_user
2024-06-21 08:49:56,548 - manager.py[line:76]-get_db- INFO: ******* db connection will close....
2024-06-21 08:49:56,548 - _client.py[line:1026]-_send_single_request- INFO: HTTP Request: POST http://testserver/user/score "HTTP/1.1 200 OK"
2024-06-21 08:49:56,553 - manager.py[line:66]-get_db- INFO: ******* db connection open ....
2024-06-21 08:49:56,553 - manager.py[line:55]-get_user_by_name- INFO: get_user
2024-06-21 08:49:56,555 - main.py[line:34]-add_score_endpoint- INFO: update user score.
2024-06-21 08:49:56,555 - main.py[line:36]-add_score_endpoint- INFO: data get {'user_id': '110', 'score_modifier': 2.0, 'score': 123.0}
2024-06-21 08:49:56,555 - manager.py[line:34]-get_user- INFO: get_user
2024-06-21 08:49:56,557 - main.py[line:41]-add_score_endpoint- ERROR: user with id 110 not exists
2024-06-21 08:49:56,557 - manager.py[line:76]-get_db- INFO: ******* db connection will close....
2024-06-21 08:49:56,558 - _client.py[line:1026]-_send_single_request- INFO: HTTP Request: POST http://testserver/user/score "HTTP/1.1 400 Bad Request"
